2017-09-14 01:45:06.9653 Debug Loading config from A:\NasgledSys\NasgledSys\NLog.config
2017-09-14 01:45:07.0129 Trace ParseNLogElement
2017-09-14 08:02:44.6428 Debug Loading config from A:\NasgledSys\NasgledSys\NLog.config
2017-09-14 08:02:44.6993 Trace ParseNLogElement
2017-09-14 08:24:54.0708 Debug Loading config from A:\NasgledSys\NasgledSys\NLog.config
2017-09-14 08:24:54.0914 Trace ParseNLogElement
2017-09-14 09:03:00.0177 Debug Loading config from A:\NasgledSys\NasgledSys\NLog.config
2017-09-14 09:03:00.0282 Trace ParseNLogElement
2017-09-14 09:12:21.2561 Debug Loading config from A:\NasgledSys\NasgledSys\NLog.config
2017-09-14 09:12:21.2891 Trace ParseNLogElement
2017-09-14 10:09:13.4928 Debug Loading config from A:\NasgledSys\NasgledSys\NLog.config
2017-09-14 10:09:13.5148 Trace ParseNLogElement
2017-09-14 12:09:48.2111 Debug Loading config from A:\NasgledSys\NasgledSys\NLog.config
2017-09-14 12:09:48.3302 Trace ParseNLogElement
2017-09-14 12:38:00.7999 Debug Loading config from A:\NasgledSys\NasgledSys\NLog.config
2017-09-14 12:38:00.8220 Trace ParseNLogElement
2017-09-14 13:16:13.9231 Debug Loading config from A:\NasgledSys\NasgledSys\NLog.config
2017-09-14 13:16:13.9361 Trace ParseNLogElement
2017-09-14 13:39:52.6303 Debug Loading config from A:\NasgledSys\NasgledSys\NLog.config
2017-09-14 13:39:52.6303 Trace ParseNLogElement
2017-09-14 13:42:53.7721 Debug Loading config from A:\NasgledSys\NasgledSys\NLog.config
2017-09-14 13:42:53.7951 Trace ParseNLogElement
2017-09-14 14:17:16.7208 Debug Loading config from A:\NasgledSys\NasgledSys\NLog.config
2017-09-14 14:17:16.7793 Trace ParseNLogElement
2017-09-15 08:34:31.9211 Debug Loading config from A:\NasgledSys\NasgledSys\NLog.config
2017-09-15 08:34:31.9677 Trace ParseNLogElement
2017-09-16 01:45:35.0986 Debug Loading config from A:\NasgledSys\NasgledSys\NLog.config
2017-09-16 01:45:35.1792 Trace ParseNLogElement
2017-09-16 03:55:16.9378 Debug Loading config from A:\NasgledSys\NasgledSys\NLog.config
2017-09-16 03:55:16.9378 Trace ParseNLogElement
2017-09-16 04:32:56.6493 Debug Loading config from A:\NasgledSys\NasgledSys\NLog.config
2017-09-16 04:32:56.6669 Trace ParseNLogElement
2017-09-16 04:40:11.1516 Debug Loading config from A:\NasgledSys\NasgledSys\NLog.config
2017-09-16 04:40:11.1616 Trace ParseNLogElement
2017-09-16 04:45:28.4723 Debug Loading config from A:\NasgledSys\NasgledSys\NLog.config
2017-09-16 04:45:28.4723 Trace ParseNLogElement
2017-09-16 04:47:33.8116 Debug Loading config from A:\NasgledSys\NasgledSys\NLog.config
2017-09-16 04:47:33.8296 Trace ParseNLogElement
2017-09-17 06:23:37.1400 Debug Loading config from A:\NasgledSys\NasgledSys\NLog.config
2017-09-17 06:23:37.5376 Trace ParseNLogElement
2017-09-17 09:08:48.2165 Debug Loading config from A:\NasgledSys\NasgledSys\NLog.config
2017-09-17 09:08:48.2435 Trace ParseNLogElement
2017-09-18 03:42:07.1009 Debug Loading config from A:\NasgledSys\NasgledSys\NLog.config
2017-09-18 03:42:07.1529 Trace ParseNLogElement
2017-09-18 04:00:55.7603 Debug Loading config from A:\NasgledSys\NasgledSys\NLog.config
2017-09-18 04:00:55.7603 Trace ParseNLogElement
2017-09-18 04:17:23.4799 Debug Loading config from A:\NasgledSys\NasgledSys\NLog.config
2017-09-18 04:17:23.4799 Trace ParseNLogElement
2017-09-18 05:31:03.8804 Debug Loading config from A:\NasgledSys\NasgledSys\NLog.config
2017-09-18 05:31:03.9064 Trace ParseNLogElement
2017-09-18 05:49:05.7438 Debug Loading config from A:\NasgledSys\NasgledSys\NLog.config
2017-09-18 05:49:05.7608 Trace ParseNLogElement
2017-09-18 05:57:18.6455 Debug Loading config from A:\NasgledSys\NasgledSys\NLog.config
2017-09-18 05:57:18.6725 Trace ParseNLogElement
2017-09-18 06:10:45.0259 Debug Loading config from A:\NasgledSys\NasgledSys\NLog.config
2017-09-18 06:10:45.0439 Trace ParseNLogElement
2017-09-18 06:13:03.8128 Debug Loading config from A:\NasgledSys\NasgledSys\NLog.config
2017-09-18 06:13:03.8268 Trace ParseNLogElement
2017-09-18 06:15:28.7118 Debug Loading config from A:\NasgledSys\NasgledSys\NLog.config
2017-09-18 06:15:28.7278 Trace ParseNLogElement
2017-09-18 06:20:24.0654 Debug Loading config from A:\NasgledSys\NasgledSys\NLog.config
2017-09-18 06:20:24.0824 Trace ParseNLogElement
2017-09-18 10:43:50.6455 Debug Loading config from A:\NasgledSys\NasgledSys\NLog.config
2017-09-18 10:43:50.6675 Trace ParseNLogElement
2017-09-18 11:01:26.1815 Debug Loading config from A:\NasgledSys\NasgledSys\NLog.config
2017-09-18 11:01:26.1985 Trace ParseNLogElement
2017-09-18 16:08:51.3403 Debug Loading config from A:\NasgledSys\NasgledSys\NLog.config
2017-09-18 16:08:51.3948 Trace ParseNLogElement
2017-09-18 16:12:26.3929 Debug Loading config from A:\NasgledSys\NasgledSys\NLog.config
2017-09-18 16:12:26.4659 Trace ParseNLogElement
2017-09-19 03:37:01.9591 Debug Loading config from A:\NasgledSys\NasgledSys\NLog.config
2017-09-19 03:37:01.9881 Trace ParseNLogElement
2017-09-19 04:19:39.3257 Debug Loading config from A:\NasgledSys\NasgledSys\NLog.config
2017-09-19 04:19:39.3598 Trace ParseNLogElement
2017-09-19 04:21:44.6982 Debug Loading config from A:\NasgledSys\NasgledSys\NLog.config
2017-09-19 04:21:44.6982 Trace ParseNLogElement
2017-09-19 04:24:59.9893 Debug Loading config from A:\NasgledSys\NasgledSys\NLog.config
2017-09-19 04:25:00.1948 Trace ParseNLogElement
2017-09-19 04:38:17.8524 Debug Loading config from A:\NasgledSys\NasgledSys\NLog.config
2017-09-19 04:38:17.8894 Trace ParseNLogElement
2017-09-19 04:47:32.9396 Debug Loading config from A:\NasgledSys\NasgledSys\NLog.config
2017-09-19 04:47:32.9776 Trace ParseNLogElement
2017-09-19 04:52:59.8080 Debug Loading config from A:\NasgledSys\NasgledSys\NLog.config
2017-09-19 04:52:59.8590 Trace ParseNLogElement
2017-09-19 04:57:53.8087 Debug Loading config from A:\NasgledSys\NasgledSys\NLog.config
2017-09-19 04:57:53.8297 Trace ParseNLogElement
2017-09-19 05:04:36.3280 Debug Loading config from A:\NasgledSys\NasgledSys\NLog.config
2017-09-19 05:04:36.3421 Trace ParseNLogElement
2017-09-19 05:08:56.6166 Debug Loading config from A:\NasgledSys\NasgledSys\NLog.config
2017-09-19 05:08:56.6166 Trace ParseNLogElement
2017-09-19 05:32:00.2953 Debug Loading config from A:\NasgledSys\NasgledSys\NLog.config
2017-09-19 05:32:00.3123 Trace ParseNLogElement
2017-09-19 05:34:23.7325 Debug Loading config from A:\NasgledSys\NasgledSys\NLog.config
2017-09-19 05:34:23.7665 Trace ParseNLogElement
2017-09-19 05:37:56.4104 Debug Loading config from A:\NasgledSys\NasgledSys\NLog.config
2017-09-19 05:37:56.4294 Trace ParseNLogElement
2017-09-19 05:43:44.3503 Debug Loading config from A:\NasgledSys\NasgledSys\NLog.config
2017-09-19 05:43:44.3653 Trace ParseNLogElement
2017-09-19 05:48:29.9892 Debug Loading config from A:\NasgledSys\NasgledSys\NLog.config
2017-09-19 05:48:30.0002 Trace ParseNLogElement
2017-09-19 05:53:29.2701 Debug Loading config from A:\NasgledSys\NasgledSys\NLog.config
2017-09-19 05:53:29.2977 Trace ParseNLogElement
2017-09-19 07:51:20.4552 Debug Loading config from A:\NasgledSys\NasgledSys\NLog.config
2017-09-19 07:51:20.4882 Trace ParseNLogElement
2017-09-20 20:51:31.7743 Debug Loading config from A:\NasgledSys\NasgledSys\NLog.config
2017-09-20 20:51:31.8133 Trace ParseNLogElement
2017-09-20 20:59:28.4804 Debug Loading config from A:\NasgledSys\NasgledSys\NLog.config
2017-09-20 20:59:28.5244 Trace ParseNLogElement
2017-09-20 21:07:02.2371 Debug Loading config from A:\NasgledSys\NasgledSys\NLog.config
2017-09-20 21:07:02.2741 Trace ParseNLogElement
2017-09-20 21:08:45.0418 Debug Loading config from A:\NasgledSys\NasgledSys\NLog.config
2017-09-20 21:08:45.0638 Trace ParseNLogElement
2017-09-20 21:18:23.8200 Debug Loading config from A:\NasgledSys\NasgledSys\NLog.config
2017-09-20 21:18:23.8375 Trace ParseNLogElement
2017-09-20 22:18:10.2801 Debug Loading config from A:\NasgledSys\NasgledSys\NLog.config
2017-09-20 22:18:10.3256 Trace ParseNLogElement
2017-09-20 22:26:11.8541 Debug Loading config from A:\NasgledSys\NasgledSys\NLog.config
2017-09-20 22:26:11.8956 Trace ParseNLogElement
2017-09-20 22:50:33.8418 Debug Loading config from A:\NasgledSys\NasgledSys\NLog.config
2017-09-20 22:50:33.8887 Trace ParseNLogElement
2017-09-20 23:02:48.4271 Debug Loading config from A:\NasgledSys\NasgledSys\NLog.config
2017-09-20 23:02:48.4747 Trace ParseNLogElement
2017-09-20 23:10:10.8469 Debug Loading config from A:\NasgledSys\NasgledSys\NLog.config
2017-09-20 23:10:10.8799 Trace ParseNLogElement
2017-09-20 23:15:40.2522 Debug Loading config from A:\NasgledSys\NasgledSys\NLog.config
2017-09-20 23:15:40.2642 Trace ParseNLogElement
2017-09-20 23:19:44.6135 Debug Loading config from A:\NasgledSys\NasgledSys\NLog.config
2017-09-20 23:19:44.6505 Trace ParseNLogElement
2017-09-20 23:27:54.5778 Debug Loading config from A:\NasgledSys\NasgledSys\NLog.config
2017-09-20 23:27:54.6218 Trace ParseNLogElement
2017-09-21 04:09:52.7372 Debug Loading config from A:\NasgledSys\NasgledSys\NLog.config
2017-09-21 04:09:52.8037 Trace ParseNLogElement
2017-09-21 04:36:23.3413 Debug Loading config from A:\NasgledSys\NasgledSys\NLog.config
2017-09-21 04:36:23.3782 Trace ParseNLogElement
2017-09-21 05:00:28.2516 Debug Loading config from A:\NasgledSys\NasgledSys\NLog.config
2017-09-21 05:00:28.2916 Trace ParseNLogElement
2017-09-21 05:05:02.7728 Debug Loading config from A:\NasgledSys\NasgledSys\NLog.config
2017-09-21 05:05:02.8188 Trace ParseNLogElement
2017-09-21 05:35:59.6278 Debug Loading config from A:\NasgledSys\NasgledSys\NLog.config
2017-09-21 05:35:59.6798 Trace ParseNLogElement
2017-09-21 05:42:03.8699 Debug Loading config from A:\NasgledSys\NasgledSys\NLog.config
2017-09-21 05:42:03.8799 Trace ParseNLogElement
2017-09-21 06:04:15.6526 Debug Loading config from A:\NasgledSys\NasgledSys\NLog.config
2017-09-21 06:04:15.6961 Trace ParseNLogElement
2017-09-21 06:12:10.1391 Debug Loading config from A:\NasgledSys\NasgledSys\NLog.config
2017-09-21 06:12:10.1531 Trace ParseNLogElement
2017-09-24 06:01:10.3632 Debug Loading config from A:\NasgledSys\NasgledSys\NLog.config
2017-09-24 06:01:10.4307 Trace ParseNLogElement
2017-09-24 08:31:51.2337 Debug Loading config from A:\NasgledSys\NasgledSys\NLog.config
2017-09-24 08:31:51.2847 Trace ParseNLogElement
2017-09-24 08:44:50.6760 Debug Loading config from A:\NasgledSys\NasgledSys\NLog.config
2017-09-24 08:44:50.7240 Trace ParseNLogElement
2017-09-24 08:57:50.2772 Debug Loading config from A:\NasgledSys\NasgledSys\NLog.config
2017-09-24 08:57:50.3292 Trace ParseNLogElement
2017-09-24 09:10:32.2460 Debug Loading config from A:\NasgledSys\NasgledSys\NLog.config
2017-09-24 09:10:32.2870 Trace ParseNLogElement
2017-09-24 09:20:34.8617 Debug Loading config from A:\NasgledSys\NasgledSys\NLog.config
2017-09-24 09:20:34.9127 Trace ParseNLogElement
2017-09-24 09:26:39.2766 Debug Loading config from A:\NasgledSys\NasgledSys\NLog.config
2017-09-24 09:26:39.3311 Trace ParseNLogElement
2017-09-24 12:53:44.3277 Debug Loading config from A:\NasgledSys\NasgledSys\NLog.config
2017-09-24 12:53:44.3886 Trace ParseNLogElement
2017-09-24 12:57:14.5955 Debug Loading config from A:\NasgledSys\NasgledSys\NLog.config
2017-09-24 12:57:14.6235 Trace ParseNLogElement
2017-09-24 13:25:01.0845 Debug Loading config from A:\NasgledSys\NasgledSys\NLog.config
2017-09-24 13:25:01.1045 Trace ParseNLogElement
2017-09-24 13:40:01.3647 Debug Loading config from A:\NasgledSys\NasgledSys\NLog.config
2017-09-24 13:40:01.4307 Trace ParseNLogElement
2017-09-24 14:07:48.0404 Debug Loading config from A:\NasgledSys\NasgledSys\NLog.config
2017-09-24 14:07:48.0874 Trace ParseNLogElement
2017-09-24 14:10:43.8820 Debug Loading config from A:\NasgledSys\NasgledSys\NLog.config
2017-09-24 14:10:43.9000 Trace ParseNLogElement
2017-09-24 14:43:48.3321 Debug Loading config from A:\NasgledSys\NasgledSys\NLog.config
2017-09-24 14:43:48.3481 Trace ParseNLogElement
2017-09-24 16:00:54.5813 Debug Loading config from A:\NasgledSys\NasgledSys\NLog.config
2017-09-24 16:00:54.6437 Trace ParseNLogElement
2017-09-24 16:20:08.2103 Debug Loading config from A:\NasgledSys\NasgledSys\NLog.config
2017-09-24 16:20:08.2623 Trace ParseNLogElement
2017-09-24 16:50:24.9453 Debug Loading config from A:\NasgledSys\NasgledSys\NLog.config
2017-09-24 16:50:24.9993 Trace ParseNLogElement
2017-09-24 19:38:26.4615 Debug Loading config from A:\NasgledSys\NasgledSys\NLog.config
2017-09-24 19:38:26.5380 Trace ParseNLogElement
2017-09-24 19:42:43.0262 Debug Loading config from A:\NasgledSys\NasgledSys\NLog.config
2017-09-24 19:42:43.0702 Trace ParseNLogElement
2017-09-26 14:41:43.5874 Debug Loading config from A:\NasgledSys\NasgledSys\NLog.config
2017-09-26 14:41:43.6394 Trace ParseNLogElement
2017-09-26 15:57:21.7698 Debug Loading config from A:\NasgledSys\NasgledSys\NLog.config
2017-09-26 15:57:21.8318 Trace ParseNLogElement
2017-09-26 16:01:59.7859 Debug Loading config from A:\NasgledSys\NasgledSys\NLog.config
2017-09-26 16:01:59.8490 Trace ParseNLogElement
2017-09-26 16:06:42.4674 Debug Loading config from A:\NasgledSys\NasgledSys\NLog.config
2017-09-26 16:06:42.4834 Trace ParseNLogElement
2017-09-28 12:09:23.6227 Debug Loading config from A:\NasgledSys\NasgledSys\NLog.config
2017-09-28 12:09:23.7777 Trace ParseNLogElement
2017-09-28 12:15:41.0834 Debug Loading config from A:\NasgledSys\NasgledSys\NLog.config
2017-09-28 12:15:41.1169 Trace ParseNLogElement
2017-09-28 12:19:02.8079 Debug Loading config from A:\NasgledSys\NasgledSys\NLog.config
2017-09-28 12:19:02.8409 Trace ParseNLogElement
2017-09-28 12:21:10.9855 Debug Loading config from A:\NasgledSys\NasgledSys\NLog.config
2017-09-28 12:21:11.0215 Trace ParseNLogElement
2017-09-28 13:59:54.9253 Debug Loading config from A:\NasgledSys\NasgledSys\NLog.config
2017-09-28 13:59:54.9773 Trace ParseNLogElement
2017-09-28 14:13:30.3516 Debug Loading config from A:\NasgledSys\NasgledSys\NLog.config
2017-09-28 14:13:30.3821 Trace ParseNLogElement
2017-09-28 14:16:07.8451 Debug Loading config from A:\NasgledSys\NasgledSys\NLog.config
2017-09-28 14:16:07.8766 Trace ParseNLogElement
2017-09-28 14:22:43.9387 Debug Loading config from A:\NasgledSys\NasgledSys\NLog.config
2017-09-28 14:22:43.9617 Trace ParseNLogElement
2017-09-28 14:39:45.0205 Debug Loading config from A:\NasgledSys\NasgledSys\NLog.config
2017-09-28 14:39:45.0625 Trace ParseNLogElement
2017-09-28 14:43:30.8611 Debug Loading config from A:\NasgledSys\NasgledSys\NLog.config
2017-09-28 14:43:30.9021 Trace ParseNLogElement
2017-09-30 10:16:11.1081 Debug Loading config from A:\NasgledSys\NasgledSys\NLog.config
2017-09-30 10:16:11.2041 Trace ParseNLogElement
2017-10-02 14:33:22.3790 Debug Loading config from A:\NasgledSys\NasgledSys\NLog.config
2017-10-02 14:33:22.4185 Trace ParseNLogElement
2017-10-03 20:08:39.2767 Debug Loading config from A:\NasgledSys\NasgledSys\NLog.config
2017-10-03 20:08:39.3201 Trace ParseNLogElement
2017-10-03 20:16:34.0430 Debug Loading config from A:\NasgledSys\NasgledSys\NLog.config
2017-10-03 20:16:34.0785 Trace ParseNLogElement
2017-10-03 20:22:33.6473 Debug Loading config from A:\NasgledSys\NasgledSys\NLog.config
2017-10-03 20:22:33.7023 Trace ParseNLogElement
2017-10-03 23:11:44.0680 Debug Loading config from A:\NasgledSys\NasgledSys\NLog.config
2017-10-03 23:11:44.0959 Trace ParseNLogElement
2017-10-03 23:27:49.7740 Debug Loading config from A:\NasgledSys\NasgledSys\NLog.config
2017-10-03 23:27:49.8185 Trace ParseNLogElement
2017-10-04 10:43:27.2289 Debug Loading config from A:\NasgledSys\NasgledSys\NLog.config
2017-10-04 10:43:27.2624 Trace ParseNLogElement
2017-10-04 12:16:00.6158 Debug Loading config from A:\NasgledSys\NasgledSys\NLog.config
2017-10-04 12:16:00.6498 Trace ParseNLogElement
2017-10-05 14:15:33.4088 Debug Loading config from A:\NasgledSys\NasgledSys\NLog.config
2017-10-05 14:15:33.4518 Trace ParseNLogElement
2017-10-05 14:27:57.9739 Debug Loading config from A:\NasgledSys\NasgledSys\NLog.config
2017-10-05 14:27:58.0079 Trace ParseNLogElement
2017-10-08 01:20:10.7253 Debug Loading config from A:\NasgledSys\NasgledSys\NLog.config
2017-10-08 01:20:10.8385 Trace ParseNLogElement
2017-10-08 10:00:22.5583 Debug Loading config from A:\NasgledSys\NasgledSys\NLog.config
2017-10-08 10:00:22.6131 Trace ParseNLogElement
2017-10-08 21:31:24.3722 Debug Loading config from A:\NasgledSys\NasgledSys\NLog.config
2017-10-08 21:31:24.4092 Trace ParseNLogElement
2017-10-08 21:35:04.0772 Debug Loading config from A:\NasgledSys\NasgledSys\NLog.config
2017-10-08 21:35:04.1362 Trace ParseNLogElement
2017-10-08 21:54:32.2032 Debug Loading config from A:\NasgledSys\NasgledSys\NLog.config
2017-10-08 21:54:32.2398 Trace ParseNLogElement
2017-10-08 22:01:15.4487 Debug Loading config from A:\NasgledSys\NasgledSys\NLog.config
2017-10-08 22:01:15.4946 Trace ParseNLogElement
2017-10-09 09:45:23.6097 Debug Loading config from A:\NasgledSys\NasgledSys\NLog.config
2017-10-09 09:45:23.6537 Trace ParseNLogElement
2017-10-09 11:07:04.7373 Debug Loading config from A:\NasgledSys\NasgledSys\NLog.config
2017-10-09 11:07:04.8322 Trace ParseNLogElement
2017-10-09 11:09:59.6730 Debug Loading config from A:\NasgledSys\NasgledSys\NLog.config
2017-10-09 11:09:59.7065 Trace ParseNLogElement
2017-10-09 11:14:23.2718 Debug Loading config from A:\NasgledSys\NasgledSys\NLog.config
2017-10-09 11:14:23.2848 Trace ParseNLogElement
2017-10-09 11:17:50.3787 Debug Loading config from A:\NasgledSys\NasgledSys\NLog.config
2017-10-09 11:17:50.3922 Trace ParseNLogElement
2017-10-09 11:30:27.3709 Debug Loading config from A:\NasgledSys\NasgledSys\NLog.config
2017-10-09 11:30:27.3829 Trace ParseNLogElement
2017-10-10 23:30:21.0257 Debug Loading config from A:\NasgledSys\NasgledSys\NLog.config
2017-10-10 23:30:21.1277 Trace ParseNLogElement
2017-10-10 23:33:32.4049 Debug Loading config from A:\NasgledSys\NasgledSys\NLog.config
2017-10-10 23:33:32.4386 Trace ParseNLogElement
2017-10-10 23:37:09.0003 Debug Loading config from A:\NasgledSys\NasgledSys\NLog.config
2017-10-10 23:37:09.0193 Trace ParseNLogElement
2017-10-10 23:44:35.8120 Debug Loading config from A:\NasgledSys\NasgledSys\NLog.config
2017-10-10 23:44:35.8260 Trace ParseNLogElement
2017-10-10 23:52:13.2189 Debug Loading config from A:\NasgledSys\NasgledSys\NLog.config
2017-10-10 23:52:13.2309 Trace ParseNLogElement
2017-10-10 23:54:51.5891 Debug Loading config from A:\NasgledSys\NasgledSys\NLog.config
2017-10-10 23:54:51.6671 Trace ParseNLogElement
2017-10-10 23:58:15.1117 Debug Loading config from A:\NasgledSys\NasgledSys\NLog.config
2017-10-10 23:58:15.1797 Trace ParseNLogElement
2017-10-11 00:21:38.3933 Debug Loading config from A:\NasgledSys\NasgledSys\NLog.config
2017-10-11 00:21:38.4268 Trace ParseNLogElement
2017-10-11 00:51:20.3373 Debug Loading config from A:\NasgledSys\NasgledSys\NLog.config
2017-10-11 00:51:20.3893 Trace ParseNLogElement
2017-10-11 01:32:46.3351 Debug Loading config from A:\NasgledSys\NasgledSys\NLog.config
2017-10-11 01:32:46.3461 Trace ParseNLogElement
2017-10-11 03:06:19.0017 Debug Loading config from A:\NasgledSys\NasgledSys\NLog.config
2017-10-11 03:06:19.0355 Trace ParseNLogElement
2017-10-11 03:16:28.9235 Debug Loading config from A:\NasgledSys\NasgledSys\NLog.config
2017-10-11 03:16:28.9421 Trace ParseNLogElement
2017-10-11 03:19:19.9473 Debug Loading config from A:\NasgledSys\NasgledSys\NLog.config
2017-10-11 03:19:19.9658 Trace ParseNLogElement
2017-10-11 03:21:43.2028 Debug Loading config from A:\NasgledSys\NasgledSys\NLog.config
2017-10-11 03:21:43.2408 Trace ParseNLogElement
2017-10-11 03:31:49.8749 Debug Loading config from A:\NasgledSys\NasgledSys\NLog.config
2017-10-11 03:31:49.8879 Trace ParseNLogElement
2017-10-11 04:02:23.1284 Debug Loading config from A:\NasgledSys\NasgledSys\NLog.config
2017-10-11 04:02:23.1489 Trace ParseNLogElement
2017-10-11 04:08:16.5011 Debug Loading config from A:\NasgledSys\NasgledSys\NLog.config
2017-10-11 04:08:16.5191 Trace ParseNLogElement
2017-10-11 04:11:35.8542 Debug Loading config from A:\NasgledSys\NasgledSys\NLog.config
2017-10-11 04:11:35.8707 Trace ParseNLogElement
2017-10-11 04:16:01.2114 Debug Loading config from A:\NasgledSys\NasgledSys\NLog.config
2017-10-11 04:16:01.2304 Trace ParseNLogElement
2017-10-13 00:43:40.0773 Debug Loading config from A:\NasgledSys\NasgledSys\NLog.config
2017-10-13 00:43:40.1618 Trace ParseNLogElement
2017-10-13 03:35:37.6603 Debug Loading config from A:\NasgledSys\NasgledSys\NLog.config
2017-10-13 03:35:37.7563 Trace ParseNLogElement
2017-10-13 03:42:38.2220 Debug Loading config from A:\NasgledSys\NasgledSys\NLog.config
2017-10-13 03:42:38.2555 Trace ParseNLogElement
2017-10-13 03:56:12.3521 Debug Loading config from A:\NasgledSys\NasgledSys\NLog.config
2017-10-13 03:56:12.3711 Trace ParseNLogElement
2017-10-13 04:19:24.9775 Debug Loading config from A:\NasgledSys\NasgledSys\NLog.config
2017-10-13 04:19:24.9975 Trace ParseNLogElement
2017-10-14 15:09:12.9965 Debug Loading config from A:\NasgledSys\NasgledSys\NLog.config
2017-10-14 15:09:13.0840 Trace ParseNLogElement
2017-10-15 14:58:16.5750 Debug Loading config from A:\NasgledSys\NasgledSys\NLog.config
2017-10-15 14:58:16.7280 Trace ParseNLogElement
2017-10-15 15:38:58.8058 Debug Loading config from A:\NasgledSys\NasgledSys\NLog.config
2017-10-15 15:38:58.9709 Trace ParseNLogElement
2017-10-15 15:46:44.2792 Debug Loading config from A:\NasgledSys\NasgledSys\NLog.config
2017-10-15 15:46:44.3623 Trace ParseNLogElement
2017-10-15 15:52:19.0827 Debug Loading config from A:\NasgledSys\NasgledSys\NLog.config
2017-10-15 15:52:19.1297 Trace ParseNLogElement
2017-10-15 16:50:18.5124 Debug Loading config from A:\NasgledSys\NasgledSys\NLog.config
2017-10-15 16:50:18.5869 Trace ParseNLogElement
2017-10-28 00:24:35.8048 Debug Loading config from D:\NasgledSys\NasgledSys\NLog.config
2017-10-28 00:24:35.8983 Trace ParseNLogElement
2017-10-28 00:48:42.2436 Debug Loading config from D:\NasgledSys\NasgledSys\NLog.config
2017-10-28 00:48:42.2806 Trace ParseNLogElement
2017-11-22 20:37:44.3649 Debug Loading config from D:\NasgledSys\NasgledSys\NLog.config
2017-11-22 20:37:44.3863 Trace ParseNLogElement
2017-11-22 20:45:05.6853 Debug Loading config from D:\NasgledSys\NasgledSys\NLog.config
2017-11-22 20:45:05.9793 Trace ParseNLogElement
2017-11-23 01:53:51.1027 Debug Loading config from D:\NasgledSys\NasgledSys\NLog.config
2017-11-23 01:53:51.6313 Trace ParseNLogElement
2017-11-23 02:08:39.5237 Debug Loading config from D:\NasgledSys\NasgledSys\NLog.config
2017-11-23 02:08:39.5607 Trace ParseNLogElement
2017-11-23 02:12:25.2428 Debug Loading config from D:\NasgledSys\NasgledSys\NLog.config
2017-11-23 02:12:25.4491 Trace ParseNLogElement
2017-11-23 14:16:52.8645 Debug Loading config from D:\NasgledSys\NasgledSys\NLog.config
2017-11-23 14:16:53.3761 Trace ParseNLogElement
2017-11-23 14:49:15.0128 Debug Loading config from D:\NasgledSys\NasgledSys\NLog.config
2017-11-23 14:49:15.0428 Trace ParseNLogElement
2017-11-23 18:19:36.5376 Debug Loading config from D:\NasgledSys\NasgledSys\NLog.config
2017-11-23 18:19:36.5376 Trace ParseNLogElement
2017-11-23 20:01:37.4122 Debug Loading config from D:\NasgledSys\NasgledSys\NLog.config
2017-11-23 20:01:37.4642 Trace ParseNLogElement
2017-11-23 20:07:33.6783 Debug Loading config from D:\NasgledSys\NasgledSys\NLog.config
2017-11-23 20:07:33.7883 Trace ParseNLogElement
2017-11-23 20:17:29.0598 Debug Loading config from D:\NasgledSys\NasgledSys\NLog.config
2017-11-23 20:17:29.0778 Trace ParseNLogElement
2017-11-23 20:28:45.5191 Debug Loading config from D:\NasgledSys\NasgledSys\NLog.config
2017-11-23 20:28:45.5359 Trace ParseNLogElement
2017-11-23 21:46:37.0948 Debug Loading config from D:\NasgledSys\NasgledSys\NLog.config
2017-11-23 21:46:37.1138 Trace ParseNLogElement
2017-11-23 22:12:24.2664 Debug Loading config from D:\NasgledSys\NasgledSys\NLog.config
2017-11-23 22:12:24.2819 Trace ParseNLogElement
2017-11-23 22:33:33.3996 Debug Loading config from D:\NasgledSys\NasgledSys\NLog.config
2017-11-23 22:33:33.4126 Trace ParseNLogElement
2017-11-23 22:39:56.1491 Debug Loading config from D:\NasgledSys\NasgledSys\NLog.config
2017-11-23 22:39:56.3386 Trace ParseNLogElement
2017-11-23 22:45:52.2082 Debug Loading config from D:\NasgledSys\NasgledSys\NLog.config
2017-11-23 22:45:52.4623 Trace ParseNLogElement
2017-11-23 23:17:47.8644 Debug Loading config from D:\NasgledSys\NasgledSys\NLog.config
2017-11-23 23:17:47.8804 Trace ParseNLogElement
2017-11-23 23:49:35.9148 Debug Loading config from D:\NasgledSys\NasgledSys\NLog.config
2017-11-23 23:49:35.9148 Trace ParseNLogElement
2017-11-25 17:36:58.2065 Debug Loading config from D:\NasgledSys\NasgledSys\NLog.config
2017-11-25 17:36:58.2395 Trace ParseNLogElement
2017-11-25 17:46:46.0682 Debug Loading config from D:\NasgledSys\NasgledSys\NLog.config
2017-11-25 17:46:46.0817 Trace ParseNLogElement
2017-11-25 18:05:16.3801 Debug Loading config from D:\NasgledSys\NasgledSys\NLog.config
2017-11-25 18:05:16.4156 Trace ParseNLogElement
2017-11-26 11:11:34.5214 Debug Loading config from D:\NasgledSys\NasgledSys\NLog.config
2017-11-26 11:11:34.5392 Trace ParseNLogElement
2017-11-26 11:17:51.6590 Debug Loading config from D:\NasgledSys\NasgledSys\NLog.config
2017-11-26 11:17:51.6689 Trace ParseNLogElement
2017-11-26 11:40:53.8464 Debug Loading config from D:\NasgledSys\NasgledSys\NLog.config
2017-11-26 11:40:53.8804 Trace ParseNLogElement
2017-11-26 12:48:08.5490 Debug Loading config from C:\Users\All-in-One\Source\Repos\NasgledSys2\NasgledSys\NLog.config
2017-11-26 12:48:08.6024 Trace ParseNLogElement
2017-11-26 13:03:54.2139 Debug Loading config from C:\Users\All-in-One\Source\Repos\NasgledSys2\NasgledSys\NLog.config
2017-11-26 13:03:54.2479 Trace ParseNLogElement
2017-11-26 13:16:31.3617 Debug Loading config from C:\Users\All-in-One\Source\Repos\NasgledSys2\NasgledSys\NLog.config
2017-11-26 13:16:31.3807 Trace ParseNLogElement
2017-11-26 13:42:45.0728 Debug Loading config from C:\Users\All-in-One\Source\Repos\NasgledSys2\NasgledSys\NLog.config
2017-11-26 13:42:45.0908 Trace ParseNLogElement
2017-11-26 22:41:22.6688 Debug Loading config from C:\Users\All-in-One\Source\Repos\NasgledSys2\NasgledSys\NLog.config
2017-11-26 22:41:22.7124 Trace ParseNLogElement
2017-11-27 01:02:11.5523 Debug Loading config from C:\Users\All-in-One\Source\Repos\NasgledSys2\NasgledSys\NLog.config
2017-11-27 01:02:11.5919 Trace ParseNLogElement
2017-11-27 12:06:39.3736 Debug Loading config from C:\Users\All-in-One\Source\Repos\NasgledSys2\NasgledSys\NLog.config
2017-11-27 12:06:39.4049 Trace ParseNLogElement
2017-11-28 00:05:47.0941 Debug Loading config from C:\Users\All-in-One\Source\Repos\NasgledSys2\NasgledSys\NLog.config
2017-11-28 00:05:47.1253 Trace ParseNLogElement
2017-11-28 00:23:43.1114 Debug Loading config from C:\Users\All-in-One\Source\Repos\NasgledSys2\NasgledSys\NLog.config
2017-11-28 00:23:43.1335 Trace ParseNLogElement
2017-11-30 18:14:11.6540 Debug Loading config from C:\Users\LocalAdmin\Source\Repos\NasgledSys\NasgledSys\NLog.config
2017-11-30 18:14:11.6890 Trace ParseNLogElement
2017-11-30 18:16:32.9861 Debug Loading config from C:\Users\LocalAdmin\Source\Repos\NasgledSys\NasgledSys\NLog.config
2017-11-30 18:16:32.9981 Trace ParseNLogElement
2017-11-30 20:01:57.4998 Debug Loading config from C:\Users\LocalAdmin\Source\Repos\NasgledSys\NasgledSys\NLog.config
2017-11-30 20:01:57.5488 Trace ParseNLogElement
